Warning: DeliveryProcess:processo_desenvolvimento_datawarehouse: missing resource file './../../processo_data_warehouse/deliveryprocesses/An&aacute;lise de necessidades_FE371C00.html'
Warning: DeliveryProcess:processo_desenvolvimento_datawarehouse: missing resource file './../../processo_data_warehouse/deliveryprocesses/Manuten&ccedil;&atilde;o_3C6AF094.html'
Warning: DeliveryProcess:processo_desenvolvimento_datawarehouse: missing resource file './../../processo_data_warehouse/deliveryprocesses/An&aacute;lise de necessidades_FE371C00.html'
Warning: DeliveryProcess:processo_desenvolvimento_datawarehouse: missing resource file './../../processo_data_warehouse/deliveryprocesses/Manuten&ccedil;&atilde;o_3C6AF094.html'
Warning: Phase:Análise de necessidades: missing resource file './../../processo_data_warehouse/deliveryprocesses/resources/An&aacute;lise de necessidades_FE371C00_Activity.jpeg'
Warning: Phase:Análise de necessidades: missing resource file './../../processo_data_warehouse/deliveryprocesses/Analisar organiza&ccedil;&atilde;o_3B489C5.html'
Warning: Phase:Análise de necessidades: missing resource file './../../processo_data_warehouse/deliveryprocesses/resources/An&aacute;lise de necessidades_FE371C00_Activity.jpeg'
Warning: Phase:Análise de necessidades: missing resource file './../../processo_data_warehouse/deliveryprocesses/Analisar organiza&ccedil;&atilde;o_3B489C5.html'
Warning: Activity:Analisar organização: missing resource file './../../processo_data_warehouse/deliveryprocesses/resources/Analisar organiza&ccedil;&atilde;o_3B489C5_Activity.jpeg'
Warning: Activity:Analisar organização: missing resource file './../../processo_data_warehouse/deliveryprocesses/resources/Analisar organiza&ccedil;&atilde;o_3B489C5_ActivityDetail.jpeg'
Warning: Activity:Analisar organização: missing resource file './../../processo_data_warehouse/deliveryprocesses/An&aacute;lise de necessidades_FE371C00.html'
Warning: Activity:Analisar organização: missing resource file './../../processo_data_warehouse/deliveryprocesses/resources/Analisar organiza&ccedil;&atilde;o_3B489C5_Activity.jpeg'
Warning: Activity:Analisar organização: missing resource file './../../processo_data_warehouse/deliveryprocesses/resources/Analisar organiza&ccedil;&atilde;o_3B489C5_ActivityDetail.jpeg'
Warning: Activity:Analisar sistema: missing resource file './../../processo_data_warehouse/deliveryprocesses/An&aacute;lise de necessidades_FE371C00.html'
Warning: Phase:projeto: missing resource file './../../processo_data_warehouse/deliveryprocesses/Refinar an&aacute;lise_AB13C785.html'
Warning: Phase:projeto: missing resource file './../../processo_data_warehouse/deliveryprocesses/Refinar an&aacute;lise_AB13C785.html'
Warning: Activity:Refinar análise: missing resource file './../../processo_data_warehouse/deliveryprocesses/resources/Refinar an&aacute;lise_AB13C785_ActivityDetail.jpeg'
Warning: Activity:Refinar análise: missing resource file './../../processo_data_warehouse/deliveryprocesses/resources/Refinar an&aacute;lise_AB13C785_ActivityDetail.jpeg'
Warning: Phase:implantacao: missing resource file './../../processo_data_warehouse/deliveryprocesses/Implementar solu&ccedil;&atilde;o_E0AA36C9.html'
Warning: Phase:implantacao: missing resource file './../../processo_data_warehouse/deliveryprocesses/Testar solu&ccedil;&atilde;o_C40A0D66.html'
Warning: Phase:implantacao: missing resource file './../../processo_data_warehouse/deliveryprocesses/Implantar solu&ccedil;&atilde;o_513CE84F.html'
Warning: Phase:implantacao: missing resource file './../../processo_data_warehouse/deliveryprocesses/Implementar solu&ccedil;&atilde;o_E0AA36C9.html'
Warning: Phase:implantacao: missing resource file './../../processo_data_warehouse/deliveryprocesses/Testar solu&ccedil;&atilde;o_C40A0D66.html'
Warning: Phase:implantacao: missing resource file './../../processo_data_warehouse/deliveryprocesses/Implantar solu&ccedil;&atilde;o_513CE84F.html'
Warning: Activity:Implementar solução: missing resource file './../../processo_data_warehouse/deliveryprocesses/resources/Implementar solu&ccedil;&atilde;o_E0AA36C9_Activity.jpeg'
Warning: Activity:Implementar solução: missing resource file './../../processo_data_warehouse/deliveryprocesses/resources/Implementar solu&ccedil;&atilde;o_E0AA36C9_ActivityDetail.jpeg'
Warning: Activity:Implementar solução: missing resource file './../../processo_data_warehouse/deliveryprocesses/resources/Implementar solu&ccedil;&atilde;o_E0AA36C9_Activity.jpeg'
Warning: Activity:Implementar solução: missing resource file './../../processo_data_warehouse/deliveryprocesses/resources/Implementar solu&ccedil;&atilde;o_E0AA36C9_ActivityDetail.jpeg'
Warning: Activity:Testar solução: missing resource file './../../processo_data_warehouse/deliveryprocesses/resources/Testar solu&ccedil;&atilde;o_C40A0D66_ActivityDetail.jpeg'
Warning: Activity:Testar solução: missing resource file './../../processo_data_warehouse/deliveryprocesses/resources/Testar solu&ccedil;&atilde;o_C40A0D66_ActivityDetail.jpeg'
Warning: Activity:Implantar solução: missing resource file './../../processo_data_warehouse/deliveryprocesses/resources/Implantar solu&ccedil;&atilde;o_513CE84F_Activity.jpeg'
Warning: Activity:Implantar solução: missing resource file './../../processo_data_warehouse/deliveryprocesses/resources/Implantar solu&ccedil;&atilde;o_513CE84F_ActivityDetail.jpeg'
Warning: Activity:Implantar solução: missing resource file './../../processo_data_warehouse/deliveryprocesses/resources/Implantar solu&ccedil;&atilde;o_513CE84F_Activity.jpeg'
Warning: Activity:Implantar solução: missing resource file './../../processo_data_warehouse/deliveryprocesses/resources/Implantar solu&ccedil;&atilde;o_513CE84F_ActivityDetail.jpeg'
Warning: Phase:Manutenção: missing resource file './../../processo_data_warehouse/deliveryprocesses/resources/Manuten&ccedil;&atilde;o_3C6AF094_Activity.jpeg'
Warning: Phase:Manutenção: missing resource file './../../processo_data_warehouse/deliveryprocesses/Realizar manuten&ccedil;&atilde;o_A198FC0B.html'
Warning: Phase:Manutenção: missing resource file './../../processo_data_warehouse/deliveryprocesses/resources/Manuten&ccedil;&atilde;o_3C6AF094_Activity.jpeg'
Warning: Phase:Manutenção: missing resource file './../../processo_data_warehouse/deliveryprocesses/Realizar manuten&ccedil;&atilde;o_A198FC0B.html'
Warning: Activity:Executar scripts: missing resource file './../../processo_data_warehouse/deliveryprocesses/Manuten&ccedil;&atilde;o_3C6AF094.html'
Warning: Activity:Realizar manutenção: missing resource file './../../processo_data_warehouse/deliveryprocesses/resources/Realizar manuten&ccedil;&atilde;o_A198FC0B_Activity.jpeg'
Warning: Activity:Realizar manutenção: missing resource file './../../processo_data_warehouse/deliveryprocesses/resources/Realizar manuten&ccedil;&atilde;o_A198FC0B_ActivityDetail.jpeg'
Warning: Activity:Realizar manutenção: missing resource file './../../processo_data_warehouse/deliveryprocesses/Manuten&ccedil;&atilde;o_3C6AF094.html'
Warning: Activity:Realizar manutenção: missing resource file './../../processo_data_warehouse/deliveryprocesses/resources/Realizar manuten&ccedil;&atilde;o_A198FC0B_Activity.jpeg'
Warning: Activity:Realizar manutenção: missing resource file './../../processo_data_warehouse/deliveryprocesses/resources/Realizar manuten&ccedil;&atilde;o_A198FC0B_ActivityDetail.jpeg'
